[20250219 16:59:34:915][INFO ][com.example.demo.DemoApplication] Starting DemoApplication using Java 21.0.5 with PID 25796 (C:\Users\chosh\OneDrive\바탕 화면\Computer Study\tosspayment\react-java\target\classes started by chosh in C:\Users\chosh\OneDrive\바탕 화면\Computer Study\tosspayment\react-java)
[20250219 16:59:34:921][INFO ][com.example.demo.DemoApplication] No active profile set, falling back to 1 default profile: "default"
[20250219 16:59:34:973][INFO ][o.s.b.d.e.DevToolsPropertyDefaultsPostProcessor] Devtools property defaults active! Set 'spring.devtools.add-properties' to 'false' to disable
[20250219 16:59:34:974][INFO ][o.s.b.d.e.DevToolsPropertyDefaultsPostProcessor] For additional web related logging consider setting the 'logging.level.web' property to 'DEBUG'
[20250219 16:59:36:179][INFO ][o.s.b.w.embedded.tomcat.TomcatWebServer] Tomcat initialized with port 4242 (http)
[20250219 16:59:36:207][INFO ][o.apache.coyote.http11.Http11NioProtocol] Initializing ProtocolHandler ["http-nio-4242"]
[20250219 16:59:36:218][INFO ][o.apache.catalina.core.StandardService] Starting service [Tomcat]
[20250219 16:59:36:219][INFO ][org.apache.catalina.core.StandardEngine] Starting Servlet engine: [Apache Tomcat/10.1.16]
[20250219 16:59:36:323][INFO ][o.a.c.c.C.[Tomcat].[localhost].[/]] Initializing Spring embedded WebApplicationContext
[20250219 16:59:36:323][INFO ][o.s.b.w.s.c.ServletWebServerApplicationContext] Root WebApplicationContext: initialization completed in 1348 ms
[20250219 16:59:36:511][INFO ][o.s.b.a.w.s.WelcomePageHandlerMapping] Adding welcome page: ServletContext resource [/index.html]
[20250219 16:59:36:790][WARN ][o.s.b.a.t.ThymeleafAutoConfiguration$DefaultTemplateResolverConfiguration] Cannot find template location: classpath:/templates/ (please add some templates, check your Thymeleaf configuration, or set spring.thymeleaf.check-template-location=false)
[20250219 16:59:36:864][INFO ][o.s.b.d.a.OptionalLiveReloadServer] LiveReload server is running on port 35729
[20250219 16:59:36:885][INFO ][o.apache.coyote.http11.Http11NioProtocol] Starting ProtocolHandler ["http-nio-4242"]
[20250219 16:59:36:915][INFO ][o.s.b.w.embedded.tomcat.TomcatWebServer] Tomcat started on port 4242 (http) with context path ''
[20250219 16:59:36:924][INFO ][com.example.demo.DemoApplication] Started DemoApplication in 2.841 seconds (process running for 4.072)
[20250219 17:00:25:905][INFO ][o.s.b.d.a.LocalDevToolsAutoConfiguration$RestartingClassPathChangeChangedEventListener] Restarting due to 4 class path changes (0 additions, 3 deletions, 1 modification)
[20250219 17:00:25:930][INFO ][o.apache.coyote.http11.Http11NioProtocol] Stopping ProtocolHandler ["http-nio-4242"]
[20250219 17:00:26:185][INFO ][com.example.demo.DemoApplication] Starting DemoApplication using Java 21.0.5 with PID 25796 (C:\Users\chosh\OneDrive\바탕 화면\Computer Study\tosspayment\react-java\target\classes started by chosh in C:\Users\chosh\OneDrive\바탕 화면\Computer Study\tosspayment\react-java)
[20250219 17:00:26:188][INFO ][com.example.demo.DemoApplication] No active profile set, falling back to 1 default profile: "default"
[20250219 17:00:27:024][INFO ][o.s.b.w.embedded.tomcat.TomcatWebServer] Tomcat initialized with port 4242 (http)
[20250219 17:00:27:025][INFO ][o.apache.coyote.http11.Http11NioProtocol] Initializing ProtocolHandler ["http-nio-4242"]
[20250219 17:00:27:029][INFO ][o.apache.catalina.core.StandardService] Starting service [Tomcat]
[20250219 17:00:27:031][INFO ][org.apache.catalina.core.StandardEngine] Starting Servlet engine: [Apache Tomcat/10.1.16]
[20250219 17:00:27:126][INFO ][o.a.c.c.C.[Tomcat].[localhost].[/]] Initializing Spring embedded WebApplicationContext
[20250219 17:00:27:126][INFO ][o.s.b.w.s.c.ServletWebServerApplicationContext] Root WebApplicationContext: initialization completed in 917 ms
[20250219 17:00:27:200][INFO ][o.s.b.a.w.s.WelcomePageHandlerMapping] Adding welcome page: ServletContext resource [/index.html]
[20250219 17:00:27:322][WARN ][o.s.b.a.t.ThymeleafAutoConfiguration$DefaultTemplateResolverConfiguration] Cannot find template location: classpath:/templates/ (please add some templates, check your Thymeleaf configuration, or set spring.thymeleaf.check-template-location=false)
[20250219 17:00:27:372][INFO ][o.s.b.d.a.OptionalLiveReloadServer] LiveReload server is running on port 35729
[20250219 17:00:27:384][INFO ][o.apache.coyote.http11.Http11NioProtocol] Starting ProtocolHandler ["http-nio-4242"]
[20250219 17:00:27:394][INFO ][o.s.b.w.embedded.tomcat.TomcatWebServer] Tomcat started on port 4242 (http) with context path ''
[20250219 17:00:27:404][INFO ][com.example.demo.DemoApplication] Started DemoApplication in 1.318 seconds (process running for 54.552)
[20250219 17:00:27:410][INFO ][o.s.b.d.a.ConditionEvaluationDeltaLoggingListener] Condition evaluation unchanged
[20250219 17:00:29:876][INFO ][o.s.b.d.a.LocalDevToolsAutoConfiguration$RestartingClassPathChangeChangedEventListener] Restarting due to 3 class path changes (3 additions, 0 deletions, 0 modifications)
[20250219 17:00:29:879][INFO ][o.apache.coyote.http11.Http11NioProtocol] Stopping ProtocolHandler ["http-nio-4242"]
[20250219 17:00:30:119][INFO ][com.example.demo.DemoApplication] Starting DemoApplication using Java 21.0.5 with PID 25796 (C:\Users\chosh\OneDrive\바탕 화면\Computer Study\tosspayment\react-java\target\classes started by chosh in C:\Users\chosh\OneDrive\바탕 화면\Computer Study\tosspayment\react-java)
[20250219 17:00:30:120][INFO ][com.example.demo.DemoApplication] No active profile set, falling back to 1 default profile: "default"
[20250219 17:00:30:862][INFO ][o.s.b.w.embedded.tomcat.TomcatWebServer] Tomcat initialized with port 4242 (http)
[20250219 17:00:30:863][INFO ][o.apache.coyote.http11.Http11NioProtocol] Initializing ProtocolHandler ["http-nio-4242"]
[20250219 17:00:30:863][INFO ][o.apache.catalina.core.StandardService] Starting service [Tomcat]
[20250219 17:00:30:863][INFO ][org.apache.catalina.core.StandardEngine] Starting Servlet engine: [Apache Tomcat/10.1.16]
[20250219 17:00:30:944][INFO ][o.a.c.c.C.[Tomcat].[localhost].[/]] Initializing Spring embedded WebApplicationContext
[20250219 17:00:30:944][INFO ][o.s.b.w.s.c.ServletWebServerApplicationContext] Root WebApplicationContext: initialization completed in 820 ms
[20250219 17:00:31:023][INFO ][o.s.b.a.w.s.WelcomePageHandlerMapping] Adding welcome page: ServletContext resource [/index.html]
[20250219 17:00:31:108][WARN ][o.s.b.a.t.ThymeleafAutoConfiguration$DefaultTemplateResolverConfiguration] Cannot find template location: classpath:/templates/ (please add some templates, check your Thymeleaf configuration, or set spring.thymeleaf.check-template-location=false)
[20250219 17:00:31:129][INFO ][o.s.b.d.a.OptionalLiveReloadServer] LiveReload server is running on port 35729
[20250219 17:00:31:138][INFO ][o.apache.coyote.http11.Http11NioProtocol] Starting ProtocolHandler ["http-nio-4242"]
[20250219 17:00:31:147][INFO ][o.s.b.w.embedded.tomcat.TomcatWebServer] Tomcat started on port 4242 (http) with context path ''
[20250219 17:00:31:153][INFO ][com.example.demo.DemoApplication] Started DemoApplication in 1.16 seconds (process running for 58.3)
[20250219 17:00:31:154][INFO ][o.s.b.d.a.ConditionEvaluationDeltaLoggingListener] Condition evaluation unchanged
[20250219 17:01:14:887][INFO ][o.apache.tomcat.util.http.parser.Cookie] A cookie header was received [g_state={"i_l":0};] that contained an invalid cookie. That cookie will be ignored.
 Note: further occurrences of this error will be logged at DEBUG level.
[20250219 17:01:14:899][INFO ][o.a.c.c.C.[Tomcat].[localhost].[/]] Initializing Spring DispatcherServlet 'dispatcherServlet'
[20250219 17:01:14:900][INFO ][o.s.web.servlet.DispatcherServlet] Initializing Servlet 'dispatcherServlet'
[20250219 17:01:14:902][INFO ][o.s.web.servlet.DispatcherServlet] Completed initialization in 1 ms
[20250219 17:10:13:044][INFO ][o.s.b.d.a.LocalDevToolsAutoConfiguration$RestartingClassPathChangeChangedEventListener] Restarting due to 3 class path changes (0 additions, 3 deletions, 0 modifications)
[20250219 17:10:13:055][INFO ][o.apache.coyote.http11.Http11NioProtocol] Stopping ProtocolHandler ["http-nio-4242"]
[20250219 17:10:13:394][INFO ][com.example.demo.DemoApplication] Starting DemoApplication using Java 21.0.5 with PID 25796 (C:\Users\chosh\OneDrive\바탕 화면\Computer Study\tosspayment\react-java\target\classes started by chosh in C:\Users\chosh\OneDrive\바탕 화면\Computer Study\tosspayment\react-java)
[20250219 17:10:13:396][INFO ][com.example.demo.DemoApplication] No active profile set, falling back to 1 default profile: "default"
[20250219 17:10:13:876][WARN ][o.s.b.w.s.c.AnnotationConfigServletWebServerApplicationContext] Exception encountered during context initialization - cancelling refresh attempt: java.lang.NullPointerException: Cannot read field "generatedClass" because "data" is null
[20250219 17:10:13:886][INFO ][o.s.b.a.l.ConditionEvaluationReportLogger] 

Error starting ApplicationContext. To display the condition evaluation report re-run your application with 'debug' enabled.
[20250219 17:10:14:054][ERROR][o.springframework.boot.SpringApplication] Application run failed
java.lang.NullPointerException: Cannot read field "generatedClass" because "data" is null
	at org.springframework.cglib.proxy.Enhancer.nextInstance(Enhancer.java:783)
	at org.springframework.cglib.core.AbstractClassGenerator.create(AbstractClassGenerator.java:321)
	at org.springframework.cglib.proxy.Enhancer.createHelper(Enhancer.java:562)
	at org.springframework.cglib.proxy.Enhancer.createClass(Enhancer.java:407)
	at org.springframework.context.annotation.ConfigurationClassEnhancer.createClass(ConfigurationClassEnhancer.java:138)
	at org.springframework.context.annotation.ConfigurationClassEnhancer.enhance(ConfigurationClassEnhancer.java:109)
	at org.springframework.context.annotation.ConfigurationClassPostProcessor.enhanceConfigurationClasses(ConfigurationClassPostProcessor.java:533)
	at org.springframework.context.annotation.ConfigurationClassPostProcessor.postProcessBeanFactory(ConfigurationClassPostProcessor.java:310)
	at org.springframework.context.support.PostProcessorRegistrationDelegate.invokeBeanFactoryPostProcessors(PostProcessorRegistrationDelegate.java:363)
	at org.springframework.context.support.PostProcessorRegistrationDelegate.invokeBeanFactoryPostProcessors(PostProcessorRegistrationDelegate.java:153)
	at org.springframework.context.support.AbstractApplicationContext.invokeBeanFactoryPostProcessors(AbstractApplicationContext.java:775)
	at org.springframework.context.support.AbstractApplicationContext.refresh(AbstractApplicationContext.java:597)
	at org.springframework.boot.web.servlet.context.ServletWebServerApplicationContext.refresh(ServletWebServerApplicationContext.java:146)
	at org.springframework.boot.SpringApplication.refresh(SpringApplication.java:753)
	at org.springframework.boot.SpringApplication.refreshContext(SpringApplication.java:455)
	at org.springframework.boot.SpringApplication.run(SpringApplication.java:323)
	at org.springframework.boot.SpringApplication.run(SpringApplication.java:1342)
	at org.springframework.boot.SpringApplication.run(SpringApplication.java:1331)
	at com.example.demo.DemoApplication.main(DemoApplication.java:10)
	at java.base/jdk.internal.reflect.DirectMethodHandleAccessor.invoke(DirectMethodHandleAccessor.java:103)
	at java.base/java.lang.reflect.Method.invoke(Method.java:580)
	at org.springframework.boot.devtools.restart.RestartLauncher.run(RestartLauncher.java:50)
[20250219 17:13:13:907][INFO ][com.example.demo.DemoApplication] Starting DemoApplication using Java 17.0.9 with PID 8424 (C:\Users\chosh\OneDrive\바탕 화면\Computer Study\tosspayment\react-java\out\production\classes started by chosh in C:\Users\chosh\OneDrive\바탕 화면\Computer Study\tosspayment\react-java)
[20250219 17:13:13:908][INFO ][com.example.demo.DemoApplication] No active profile set, falling back to 1 default profile: "default"
[20250219 17:13:13:964][INFO ][o.s.b.d.e.DevToolsPropertyDefaultsPostProcessor] Devtools property defaults active! Set 'spring.devtools.add-properties' to 'false' to disable
[20250219 17:13:13:964][INFO ][o.s.b.d.e.DevToolsPropertyDefaultsPostProcessor] For additional web related logging consider setting the 'logging.level.web' property to 'DEBUG'
[20250219 17:13:14:904][INFO ][o.s.b.w.embedded.tomcat.TomcatWebServer] Tomcat initialized with port 4242 (http)
[20250219 17:13:14:910][INFO ][o.apache.coyote.http11.Http11NioProtocol] Initializing ProtocolHandler ["http-nio-4242"]
[20250219 17:13:14:912][INFO ][o.apache.catalina.core.StandardService] Starting service [Tomcat]
[20250219 17:13:14:912][INFO ][org.apache.catalina.core.StandardEngine] Starting Servlet engine: [Apache Tomcat/10.1.16]
[20250219 17:13:15:008][INFO ][o.a.c.c.C.[Tomcat].[localhost].[/]] Initializing Spring embedded WebApplicationContext
[20250219 17:13:15:009][INFO ][o.s.b.w.s.c.ServletWebServerApplicationContext] Root WebApplicationContext: initialization completed in 1044 ms
[20250219 17:13:15:108][INFO ][o.s.b.a.w.s.WelcomePageHandlerMapping] Adding welcome page: ServletContext resource [/index.html]
[20250219 17:13:15:284][WARN ][o.s.b.a.t.ThymeleafAutoConfiguration$DefaultTemplateResolverConfiguration] Cannot find template location: classpath:/templates/ (please add some templates, check your Thymeleaf configuration, or set spring.thymeleaf.check-template-location=false)
[20250219 17:13:15:344][INFO ][o.s.b.d.a.OptionalLiveReloadServer] LiveReload server is running on port 35729
[20250219 17:13:15:357][INFO ][o.apache.coyote.http11.Http11NioProtocol] Starting ProtocolHandler ["http-nio-4242"]
[20250219 17:13:15:377][INFO ][o.s.b.w.embedded.tomcat.TomcatWebServer] Tomcat started on port 4242 (http) with context path ''
[20250219 17:13:15:384][INFO ][com.example.demo.DemoApplication] Started DemoApplication in 2.017 seconds (process running for 2.829)
